<?xml version="1.0" encoding="UTF-8"?>
<testng-results ignored="0" total="3" passed="3" failed="0" skipped="0">
  <reporter-output>
  </reporter-output>
  <suite started-at="2021-05-25T11:21:54 IST" name="Default suite" finished-at="2021-05-25T11:22:01 IST" duration-ms="6937">
    <groups>
    </groups>
    <test started-at="2021-05-25T11:21:54 IST" name="Default test" finished-at="2021-05-25T11:22:01 IST" duration-ms="6937">
      <class name="RestAPI_Activities.GitHub_RestAssured_Project">
        <test-method is-config="true" signature="setUp()[pri:0, instance:RestAPI_Activities.GitHub_RestAssured_Project@671a5887]" started-at="2021-05-25T11:21:54 IST" name="setUp" finished-at="2021-05-25T11:21:55 IST" duration-ms="1468" status="PASS">
          <reporter-output>
          </reporter-output>
        </test-method> <!-- setUp -->
        <test-method signature="addKeys()[pri:1, instance:RestAPI_Activities.GitHub_RestAssured_Project@671a5887]" started-at="2021-05-25T11:21:55 IST" name="addKeys" finished-at="2021-05-25T11:22:00 IST" duration-ms="4312" status="PASS">
          <reporter-output>
          </reporter-output>
        </test-method> <!-- addKeys -->
        <test-method signature="getKeys()[pri:2, instance:RestAPI_Activities.GitHub_RestAssured_Project@671a5887]" started-at="2021-05-25T11:22:00 IST" name="getKeys" finished-at="2021-05-25T11:22:00 IST" duration-ms="557" status="PASS">
          <reporter-output>
          </reporter-output>
        </test-method> <!-- getKeys -->
        <test-method signature="deleteKeys()[pri:3, instance:RestAPI_Activities.GitHub_RestAssured_Project@671a5887]" started-at="2021-05-25T11:22:00 IST" name="deleteKeys" finished-at="2021-05-25T11:22:01 IST" duration-ms="499" status="PASS">
          <reporter-output>
          </reporter-output>
        </test-method> <!-- deleteKeys -->
      </class> <!-- RestAPI_Activities.GitHub_RestAssured_Project -->
    </test> <!-- Default test -->
  </suite> <!-- Default suite -->
</testng-results>
